<?xml version="1.0" encoding="UTF-8"?>
<!-- Generated by org.testng.reporters.JUnitXMLReporter -->
<testsuite ignored="0" hostname="LAPTOP-NN0EOSGE" failures="0" tests="3" name="Default test" time="31.848" errors="0" timestamp="2023-04-13T16:53:07 IST">
  <testcase classname="com.qa.opencart.tests.LoginPageTest" name="loginTest" time="4.411"/>
  <testcase classname="com.qa.opencart.tests.LoginPageTest" name="loginPageTitleTest" time="0.016"/>
  <testcase classname="com.qa.opencart.tests.LoginPageTest" name="loginlinktest" time="0.05"/>
</testsuite> <!-- Default test -->
